{"/Users/Carol/github/timeZoneConverter/src/index.js": {"path":"/Users/Carol/github/timeZoneConverter/src/index.js","statementMap":{"0":{"start":{"line":3,"column":26},"end":{"line":7,"column":1}},"1":{"start":{"line":4,"column":24},"end":{"line":5,"column":61}},"2":{"start":{"line":6,"column":4},"end":{"line":6,"column":91}}},"fnMap":{"0":{"name":"(anonymous_0)","decl":{"start":{"line":3,"column":26},"end":{"line":3,"column":27}},"loc":{"start":{"line":3,"column":112},"end":{"line":7,"column":1}},"line":3}},"branchMap":{"0":{"loc":{"start":{"line":3,"column":71},"end":{"line":3,"column":107}},"type":"default-arg","locations":[{"start":{"line":3,"column":86},"end":{"line":3,"column":107}}],"line":3},"1":{"loc":{"start":{"line":4,"column":40},"end":{"line":4,"column":73}},"type":"cond-expr","locations":[{"start":{"line":4,"column":64},"end":{"line":4,"column":67}},{"start":{"line":4,"column":70},"end":{"line":4,"column":73}}],"line":4}},"s":{"0":1,"1":2,"2":2},"f":{"0":2},"b":{"0":[0],"1":[2,0]},"_coverageSchema":"332fd63041d2c1bcb487cc26dd0d5f7d97098a6c","hash":"f739bfcc6ca4257442753c80d6a7b86779744d9f"}
}
